This is pdfTeX, Version 3.141592653-2.6-1.40.22 (TeX Live 2022/dev/Debian) (preloaded format=pdflatex 2024.3.14)  3 OCT 2025 11:49
entering extended mode
 restricted \write18 enabled.
 %&-line parsing enabled.
**sections/2-previous-work.tex
(./sections/2-previous-work.tex
LaTeX2e <2021-11-15> patch level 1
L3 programming layer <2022-01-21>
(/usr/share/texlive/texmf-dist/tex/latex/subfiles/subfiles.cls
Document Class: subfiles 2020/11/14 v2.2 Multi-file projects (class)
Preamble taken from file `../main.tex'
(/usr/share/texlive/texmf-dist/tex/latex/import/import.sty
Package: import 2020/04/01  v 6.2
)

! LaTeX Error: File `../main.tex' not found.

Type X to quit or <RETURN> to proceed,
or enter new name. (Default extension: tex)

Enter file name: main.txt

! LaTeX Error: File `main.txt' not found.

Type X to quit or <RETURN> to proceed,
or enter new name. (Default extension: txt)

Enter file name: 
(/usr/share/texlive/texmf-dist/tex/latex/tools/.tex File ignored))
! Undefined control sequence.
<recently read> \graphicspath 
                              
l.2 \graphicspath
                 {{\subfix{../images/}}}
? 
! Undefined control sequence.
l.2 \graphicspath{{\subfix
                          {../images/}}}
? 

! LaTeX Error: Missing \begin{document}.

See the LaTeX manual or LaTeX Companion for explanation.
Type  H <return>  for immediate help.
 ...                                              
                                                  
l.2 \graphicspath{{\subfix{.
                            ./images/}}}
? 
Missing character: There is no . in font nullfont!
Missing character: There is no . in font nullfont!
Missing character: There is no / in font nullfont!
Missing character: There is no i in font nullfont!
Missing character: There is no m in font nullfont!
Missing character: There is no a in font nullfont!
Missing character: There is no g in font nullfont!
Missing character: There is no e in font nullfont!
Missing character: There is no s in font nullfont!
Missing character: There is no / in font nullfont!
! Undefined control sequence.
l.3 \graphicspath
                 {{\subfix{../equations/rov-model/}}}
? 
! Undefined control sequence.
l.3 \graphicspath{{\subfix
                          {../equations/rov-model/}}}
? 
Missing character: There is no . in font nullfont!
Missing character: There is no . in font nullfont!
Missing character: There is no / in font nullfont!
Missing character: There is no e in font nullfont!
Missing character: There is no q in font nullfont!
Missing character: There is no u in font nullfont!
Missing character: There is no a in font nullfont!
Missing character: There is no t in font nullfont!
Missing character: There is no i in font nullfont!
Missing character: There is no o in font nullfont!
Missing character: There is no n in font nullfont!
Missing character: There is no s in font nullfont!
Missing character: There is no / in font nullfont!
Missing character: There is no r in font nullfont!
Missing character: There is no o in font nullfont!
Missing character: There is no v in font nullfont!
Missing character: There is no - in font nullfont!
Missing character: There is no m in font nullfont!
Missing character: There is no o in font nullfont!
Missing character: There is no d in font nullfont!
Missing character: There is no e in font nullfont!
Missing character: There is no l in font nullfont!
Missing character: There is no / in font nullfont!
! Undefined control sequence.
l.4 \graphicspath
                 {{\subfix{../equations/thruster-model/}}}
? 
! Undefined control sequence.
l.4 \graphicspath{{\subfix
                          {../equations/thruster-model/}}}
? 
Missing character: There is no . in font nullfont!
Missing character: There is no . in font nullfont!
Missing character: There is no / in font nullfont!
Missing character: There is no e in font nullfont!
Missing character: There is no q in font nullfont!
Missing character: There is no u in font nullfont!
Missing character: There is no a in font nullfont!
Missing character: There is no t in font nullfont!
Missing character: There is no i in font nullfont!
Missing character: There is no o in font nullfont!
Missing character: There is no n in font nullfont!
Missing character: There is no s in font nullfont!
Missing character: There is no / in font nullfont!
Missing character: There is no t in font nullfont!
Missing character: There is no h in font nullfont!
Missing character: There is no r in font nullfont!
Missing character: There is no u in font nullfont!
Missing character: There is no s in font nullfont!
Missing character: There is no t in font nullfont!
Missing character: There is no e in font nullfont!
Missing character: There is no r in font nullfont!
Missing character: There is no - in font nullfont!
Missing character: There is no m in font nullfont!
Missing character: There is no o in font nullfont!
Missing character: There is no d in font nullfont!
Missing character: There is no e in font nullfont!
Missing character: There is no l in font nullfont!
Missing character: There is no / in font nullfont!

Overfull \hbox (20.0pt too wide) in paragraph at lines 2--5
[]
 []

(/usr/share/texlive/texmf-dist/tex/latex/amsfonts/amsfonts.sty
Package: amsfonts 2013/01/14 v3.01 Basic AMSFonts support
\@emptytoks=\toks16
\symAMSa=\mathgroup4
\symAMSb=\mathgroup5
LaTeX Font Info:    Redeclaring math symbol \hbar on input line 98.
LaTeX Font Info:    Overwriting math alphabet `\mathfrak' in version `bold'
(Font)                  U/euf/m/n --> U/euf/b/n on input line 106.
)
(/usr/share/texlive/texmf-dist/tex/latex/amsfonts/amssymb.sty
Package: amssymb 2013/01/14 v3.01 AMS font symbols
)
(/usr/share/texlive/texmf-dist/tex/latex/l3backend/l3backend-pdftex.def
File: l3backend-pdftex.def 2022-01-12 L3 backend support: PDF output (pdfTeX)
\l__color_backend_stack_int=\count185
\l__pdf_internal_box=\box50
)
No file 2-previous-work.aux.
\openout1 = `2-previous-work.aux'.

LaTeX Font Info:    Checking defaults for OML/cmm/m/it on input line 10.
LaTeX Font Info:    ... okay on input line 10.
LaTeX Font Info:    Checking defaults for OMS/cmsy/m/n on input line 10.
LaTeX Font Info:    ... okay on input line 10.
LaTeX Font Info:    Checking defaults for OT1/cmr/m/n on input line 10.
LaTeX Font Info:    ... okay on input line 10.
LaTeX Font Info:    Checking defaults for T1/cmr/m/n on input line 10.
LaTeX Font Info:    ... okay on input line 10.
LaTeX Font Info:    Checking defaults for TS1/cmr/m/n on input line 10.
LaTeX Font Info:    ... okay on input line 10.
LaTeX Font Info:    Checking defaults for OMX/cmex/m/n on input line 10.
LaTeX Font Info:    ... okay on input line 10.
LaTeX Font Info:    Checking defaults for U/cmr/m/n on input line 10.
LaTeX Font Info:    ... okay on input line 10.

! LaTeX Error: The font size command \normalsize is not defined:
               there is probably something wrong with the class file.

See the LaTeX manual or LaTeX Companion for explanation.
Type  H <return>  for immediate help.
 ...                                              
                                                  
l.10 \begin{document}
                     
? 
! Undefined control sequence.
<write> ...ning: Reference `eq1' on page \thepage 
                                                  \space undefined\on@line .
l.12 ...a√ß√£o de cinem√°tica, equa√ß√£o \ref{eq1}
                                                  , e a equa√ß√£o de cin√©ti...

? 

LaTeX Warning: Reference `eq1' on page  undefined on input line 12.

! Undefined control sequence.
<write> ...ning: Reference `eq2' on page \thepage 
                                                  \space undefined\on@line .
l.12 ...qua√ß√£o de cin√©tica, equa√ß√£o \ref{eq2}
                                                  .
? 

LaTeX Warning: Reference `eq2' on page  undefined on input line 12.

(./equations/rov-model.tex
LaTeX Font Info:    Trying to load font information for U+msa on input line 1.

(/usr/share/texlive/texmf-dist/tex/latex/amsfonts/umsa.fd
File: umsa.fd 2013/01/14 v3.01 AMS symbols A
)
LaTeX Font Info:    Trying to load font information for U+msb on input line 1.

(/usr/share/texlive/texmf-dist/tex/latex/amsfonts/umsb.fd
File: umsb.fd 2013/01/14 v3.01 AMS symbols B
))
! Undefined control sequence.
<write> ...ning: Reference `eq1' on page \thepage 
                                                  \space undefined\on@line .
l.24 A equa√ß√£o \ref{eq1}
                           representa a cinem√°tica do sistema, descrevendo ...

? 

LaTeX Warning: Reference `eq1' on page  undefined on input line 24.

! Undefined control sequence.
<write> ...ning: Reference `eq2' on page \thepage 
                                                  \space undefined\on@line .
l.24 ...coordenadas, equanto a equa√ß√£o \ref{eq2}
                                                   representa a cin√©tica do...

? 

LaTeX Warning: Reference `eq2' on page  undefined on input line 24.

! Undefined control sequence.
l.28 \subsection
                {Modelo e Aloca√ß√£o de Thruster}
? 
! Undefined control sequence.
<write> ...rence `force_diagram' on page \thepage 
                                                  \space undefined\on@line .
l.29 ...l visualizar na figura \ref{force_diagram}
                                                  ,  sendo esses 4 horizonta...

? 

LaTeX Warning: Reference `force_diagram' on page  undefined on input line 29.

! Undefined control sequence.
<write> ...rence `force_diagram' on page \thepage 
                                                  \space undefined\on@line .
l.29 ...rada tamb√©m na figura \ref{force_diagram}
                                                  . Dessa forma, os thruster...

? 

LaTeX Warning: Reference `force_diagram' on page  undefined on input line 29.


! LaTeX Error: Environment figure undefined.

See the LaTeX manual or LaTeX Companion for explanation.
Type  H <return>  for immediate help.
 ...                                              
                                                  
l.31 \begin{figure}
                   [ht]
? 
! Undefined control sequence.
l.33     \includegraphics
                         [width=0.5\linewidth]{images/Aloca√ßao-thrusters-ve...

? 
! Missing number, treated as zero.
<to be read again> 
                   ]
l.33     \includegraphics[width=0.5\linewidth]
                                              {images/Aloca√ßao-thrusters-ve...

? 
! Illegal unit of measure (pt inserted).
<to be read again> 
                   ]
l.33     \includegraphics[width=0.5\linewidth]
                                              {images/Aloca√ßao-thrusters-ve...

? 

! LaTeX Error: \caption outside float.

See the LaTeX manual or LaTeX Companion for explanation.
Type  H <return>  for immediate help.
 ...                                              
                                                  
l.34     \caption
                 {Diagrama de thruster e for√ßas.}
? 

! LaTeX Error: \begin{document} ended by \end{figure}.

See the LaTeX manual or LaTeX Companion for explanation.
Type  H <return>  for immediate help.
 ...                                              
                                                  
l.36 \end{figure}
                 
? 
! Undefined control sequence.
<write> ...rence `force_diagram' on page \thepage 
                                                  \space undefined\on@line .
l.38 ... evidenciado na Figura~\ref{force_diagram}
                                                  , a rota√ß√£o alternada do...

? 

LaTeX Warning: Reference `force_diagram' on page  undefined on input line 38.

! Undefined control sequence.
<write> ...: Citation `\@citeb ' on page \thepage 
                                                  \space undefined\on@line .
l.40 Conforme apresentado por \cite{wu20186}
                                             o modelo de um thruster pode se...

? 

LaTeX Warning: Citation `wu20186' on page  undefined on input line 40.

! Undefined control sequence.
<write> ...ning: Reference `eq1' on page \thepage 
                                                  \space undefined\on@line .
l.40 ...o de forma linear pela equa√ß√£o \ref{eq1}
                                                  . Onde a for√ßa do thruste...

? 

LaTeX Warning: Reference `eq1' on page  undefined on input line 40.

! Undefined control sequence.
<write> ...erence `force-vector' on page \thepage 
                                                  \space undefined\on@line .
l.40 ...representada pelo vetor \ref{force-vector}
                                                  , os inputs de controle s√...

? 

LaTeX Warning: Reference `force-vector' on page  undefined on input line 40.

! Undefined control sequence.
<write> ...rence `control-input' on page \thepage 
                                                  \space undefined\on@line .
l.40 ...s√£o representados por \ref{control-input}
                                                  , e os coeficientes de thr...

? 

LaTeX Warning: Reference `control-input' on page  undefined on input line 40.

! Undefined control sequence.
<write> ...eference `diagonal-K' on page \thepage 
                                                  \space undefined\on@line .
l.40 ...ados pela matriz diagonal \ref{diagonal-K}
                                                  .
? 

LaTeX Warning: Reference `diagonal-K' on page  undefined on input line 40.

(./equations/thruster-model.tex)

! LaTeX Error: Environment bmatrix undefined.

See the LaTeX manual or LaTeX Companion for explanation.
Type  H <return>  for immediate help.
 ...                                              
                                                  
l.43 \vetorF
            
? 
! Misplaced alignment tab character &.
\vetorF ...{equation} F = \begin {bmatrix} F_{1} &
                                                   F_{2} & ... & F_{n} \end ...
l.43 \vetorF
            
? 
! Misplaced alignment tab character &.
\vetorF ...n} F = \begin {bmatrix} F_{1} & F_{2} &
                                                   ... & F_{n} \end {bmatrix...
l.43 \vetorF
            
? 
! Misplaced alignment tab character &.
\vetorF ... \begin {bmatrix} F_{1} & F_{2} & ... &
                                                   F_{n} \end {bmatrix}^{T} ...
l.43 \vetorF
            
? 

! LaTeX Error: \begin{equation} on input line 43 ended by \end{bmatrix}.

See the LaTeX manual or LaTeX Companion for explanation.
Type  H <return>  for immediate help.
 ...                                              
                                                  
l.43 \vetorF
            
? 

! LaTeX Error: Environment bmatrix undefined.

See the LaTeX manual or LaTeX Companion for explanation.
Type  H <return>  for immediate help.
 ...                                              
                                                  
l.44 \vetorU
            
? 
! Misplaced alignment tab character &.
\vetorU ...{equation} u = \begin {bmatrix} u_{1} &
                                                   u_{2} & ... & u_{n} \end ...
l.44 \vetorU
            
? 
! Misplaced alignment tab character &.
\vetorU ...n} u = \begin {bmatrix} u_{1} & u_{2} &
                                                   ... & u_{n} \end {bmatrix...
l.44 \vetorU
            
? 
! Misplaced alignment tab character &.
\vetorU ... \begin {bmatrix} u_{1} & u_{2} & ... &
                                                   u_{n} \end {bmatrix}^{T} ...
l.44 \vetorU
            
? 

! LaTeX Error: \begin{equation} on input line 44 ended by \end{bmatrix}.

See the LaTeX manual or LaTeX Companion for explanation.
Type  H <return>  for immediate help.
 ...                                              
                                                  
l.44 \vetorU
            
? 

! LaTeX Error: Environment bmatrix undefined.

See the LaTeX manual or LaTeX Companion for explanation.
Type  H <return>  for immediate help.
 ...                                              
                                                  
l.45 \vetorK
            
? 
! Misplaced alignment tab character &.
\vetorK ...{equation} K = \begin {bmatrix} K_{1} &
                                                   K_{2} & ... & K_{n} \end ...
l.45 \vetorK
            
? 
! Misplaced alignment tab character &.
\vetorK ...n} K = \begin {bmatrix} K_{1} & K_{2} &
                                                   ... & K_{n} \end {bmatrix...
l.45 \vetorK
            
? 
! Misplaced alignment tab character &.
\vetorK ... \begin {bmatrix} K_{1} & K_{2} & ... &
                                                   K_{n} \end {bmatrix} \lab...
l.45 \vetorK
            
? 

! LaTeX Error: \begin{equation} on input line 45 ended by \end{bmatrix}.

See the LaTeX manual or LaTeX Companion for explanation.
Type  H <return>  for immediate help.
 ...                                              
                                                  
l.45 \vetorK
            
? 
! Undefined control sequence.
<write> ... `given-force-vector' on page \thepage 
                                                  \space undefined\on@line .
l.47 ...de for√ßa $f$ em  \ref{given-force-vector}
                                                   e o vetor de momentos $r$...

? 

LaTeX Warning: Reference `given-force-vector' on page  undefined on input line 
47.

! Undefined control sequence.
<write> ...ference `moment-arms' on page \thepage 
                                                  \space undefined\on@line .
l.47 ...vetor de momentos $r$ em \ref{moment-arms}
                                                   podemos calcular as for√ß...

? 

LaTeX Warning: Reference `moment-arms' on page  undefined on input line 47.


! LaTeX Error: Environment bmatrix undefined.

See the LaTeX manual or LaTeX Companion for explanation.
Type  H <return>  for immediate help.
 ...                                              
                                                  
l.48 \vetorFmin
               
? 
! Misplaced alignment tab character &.
\vetorFmin ...uation} f = \begin {bmatrix} f_{x} &
                                                   f_{y} & f_{z} \end {bmatr...
l.48 \vetorFmin
               
? 
! Misplaced alignment tab character &.
\vetorFmin ...f = \begin {bmatrix} f_{x} & f_{y} &
                                                   f_{z} \end {bmatrix}^{T} ...
l.48 \vetorFmin
               
? 

! LaTeX Error: \begin{equation} on input line 48 ended by \end{bmatrix}.

See the LaTeX manual or LaTeX Companion for explanation.
Type  H <return>  for immediate help.
 ...                                              
                                                  
l.48 \vetorFmin
               
? 

! LaTeX Error: Environment bmatrix undefined.

See the LaTeX manual or LaTeX Companion for explanation.
Type  H <return>  for immediate help.
 ...                                              
                                                  
l.49 \vetorR
            
? 
! Misplaced alignment tab character &.
\vetorR ...{equation} r = \begin {bmatrix} l_{x} &
                                                   l_{y} & l_{z} \end {bmatr...
l.49 \vetorR
            
? 
! Misplaced alignment tab character &.
\vetorR ...n} r = \begin {bmatrix} l_{x} & l_{y} &
                                                   l_{z} \end {bmatrix}^{T} ...
l.49 \vetorR
            
? 

! LaTeX Error: \begin{equation} on input line 49 ended by \end{bmatrix}.

See the LaTeX manual or LaTeX Companion for explanation.
Type  H <return>  for immediate help.
 ...                                              
                                                  
l.49 \vetorR
            
? 

! LaTeX Error: Environment bmatrix undefined.

See the LaTeX manual or LaTeX Companion for explanation.
Type  H <return>  for immediate help.
 ...                                              
                                                  
l.50 \modelB
            
? 

! LaTeX Error: \begin{equation} on input line 50 ended by \end{bmatrix}.

See the LaTeX manual or LaTeX Companion for explanation.
Type  H <return>  for immediate help.
 ...                                              
                                                  
l.50 \modelB
            
? 

! LaTeX Error: Environment bmatrix undefined.

See the LaTeX manual or LaTeX Companion for explanation.
Type  H <return>  for immediate help.
 ...                                              
                                                  
l.50 \modelB
            
? 

! LaTeX Error: \begin{equation} on input line 50 ended by \end{bmatrix}.

See the LaTeX manual or LaTeX Companion for explanation.
Type  H <return>  for immediate help.
 ...                                              
                                                  
l.50 \modelB
            
? 
! Undefined control sequence.
<write> ...ference `moment-arms' on page \thepage 
                                                  \space undefined\on@line .
l.52 ...el ajustar as equa√ß√µes \ref{moment-arms}
                                                   e \ref{force-moments-6dof...

? 

LaTeX Warning: Reference `moment-arms' on page  undefined on input line 52.

! Undefined control sequence.
<write> ... `force-moments-6dof' on page \thepage 
                                                  \space undefined\on@line .
l.52 ...ef{moment-arms} e \ref{force-moments-6dof}
                                                   para obter as for√ßas em ...

? 

LaTeX Warning: Reference `force-moments-6dof' on page  undefined on input line 
52.


! LaTeX Error: Environment bmatrix undefined.

See the LaTeX manual or LaTeX Companion for explanation.
Type  H <return>  for immediate help.
 ...                                              
                                                  
l.53 \vetorRfour
                
? 
! Misplaced alignment tab character &.
\vetorRfour ...{equation} r = \begin {bmatrix} 0 &
                                                   0 & l_{z} \end {bmatrix}^...
l.53 \vetorRfour
                
? 
! Misplaced alignment tab character &.
\vetorRfour ...ation} r = \begin {bmatrix} 0 & 0 &
                                                   l_{z} \end {bmatrix}^{T} ...
l.53 \vetorRfour
                
? 

! LaTeX Error: \begin{equation} on input line 53 ended by \end{bmatrix}.

See the LaTeX manual or LaTeX Companion for explanation.
Type  H <return>  for immediate help.
 ...                                              
                                                  
l.53 \vetorRfour
                
? 

! LaTeX Error: Environment bmatrix undefined.

See the LaTeX manual or LaTeX Companion for explanation.
Type  H <return>  for immediate help.
 ...                                              
                                                  
l.54 \modelfourdofs
                   
? 

! LaTeX Error: \begin{equation} on input line 54 ended by \end{bmatrix}.

See the LaTeX manual or LaTeX Companion for explanation.
Type  H <return>  for immediate help.
 ...                                              
                                                  
l.54 \modelfourdofs
                   
? 

! LaTeX Error: Environment bmatrix undefined.

See the LaTeX manual or LaTeX Companion for explanation.
Type  H <return>  for immediate help.
 ...                                              
                                                  
l.54 \modelfourdofs
                   
? 

! LaTeX Error: \begin{equation} on input line 54 ended by \end{bmatrix}.

See the LaTeX manual or LaTeX Companion for explanation.
Type  H <return>  for immediate help.
 ...                                              
                                                  
l.54 \modelfourdofs
                   
? 
! Undefined control sequence.
<write> ... `force-moments-4dof' on page \thepage 
                                                  \space undefined\on@line .
l.58 ...sando a equa√ß√£o~\ref{force-moments-4dof}
                                                  . Uma vez determinadas as ...

? 

LaTeX Warning: Reference `force-moments-4dof' on page  undefined on input line 
58.

! Undefined control sequence.
l.60 \subsection
                {Aloca√ß√£o de controle}
? 
! Undefined control sequence.
<write> ...: Citation `\@citeb ' on page \thepage 
                                                  \space undefined\on@line .
l.62 \cite{wu20186}
                    define a aloca√ß√£o de controle como o processo que comp...

? 

LaTeX Warning: Citation `wu20186' on page  undefined on input line 62.

! Undefined control sequence.
<write> ... `force-moments-4dof' on page \thepage 
                                                  \space undefined\on@line .
l.62 ...indo da equa√ß√£o \ref{force-moments-4dof}
                                                   √© poss√≠vel calcular o v...

? 

LaTeX Warning: Reference `force-moments-4dof' on page  undefined on input line 
62.

! Undefined control sequence.
l.71 \subsection
                {Formula√ß√£o da Otimiza√ß√£o}
? 
! Undefined control sequence.
<write> ...: Citation `\@citeb ' on page \thepage 
                                                  \space undefined\on@line .
l.73 Em \cite{johansen2005efficient}
                                     √© sugerida uma formula√ß√£o de otimiza...

? 

LaTeX Warning: Citation `johansen2005efficient' on page  undefined on input lin
e 73.

! Undefined control sequence.
<write> ... `problemotimization' on page \thepage 
                                                  \space undefined\on@line .
l.76 A equa√ß√£o \ref{problemotimization}
                                          est√° sujeita ao seguinte:
? 

LaTeX Warning: Reference `problemotimization' on page  undefined on input line 
76.

! Undefined control sequence.
<write> ... Reference `uminemax' on page \thepage 
                                                  \space undefined\on@line .
l.81 ... a constri√ß√£o proposta em \ref{uminemax}
                                                  , que faz que o resultado ...

? 

LaTeX Warning: Reference `uminemax' on page  undefined on input line 81.

! Undefined control sequence.
<write> ...ing: Reference `util' on page \thepage 
                                                  \space undefined\on@line .
l.81 ...ßa entre os atuadores, devido a \ref{util}
                                                  . O par√¢metro $\beta\ge0$...

? 

LaTeX Warning: Reference `util' on page  undefined on input line 81.


! LaTeX Error: The font size command \normalsize is not defined:
               there is probably something wrong with the class file.

See the LaTeX manual or LaTeX Companion for explanation.
Type  H <return>  for immediate help.
 ...                                              
                                                  
l.83 \end{document}
                   
? 
[1{/var/lib/texmf/fonts/map/pdftex/updmap/pdftex.map}
! Undefined control sequence.
<write> \newlabel{eq1}{{1}{\thepage 
                                    }}
l.83 \end{document}
                   
? 
! Undefined control sequence.
<write> \newlabel{eq2}{{2}{\thepage 
                                    }}
l.83 \end{document}
                   
? 
! Undefined control sequence.
<write> \newlabel{force_diagram}{{}{\thepage 
                                             }}
l.83 \end{document}
                   
? 
! Undefined control sequence.
<write> ...label{one_thruster_force}{{3}{\thepage 
                                                  }}
l.83 \end{document}
                   
? 
! Undefined control sequence.
<write> \newlabel{force-vector}{{4}{\thepage 
                                             }}
l.83 \end{document}
                   
? 
! Undefined control sequence.
<write> \newlabel{control-input}{{5}{\thepage 
                                              }}
l.83 \end{document}
                   
? 
! Undefined control sequence.
<write> \newlabel{diagonal-K}{{6}{\thepage 
                                           }}
l.83 \end{document}
                   
? 
! Undefined control sequence.
<write> ...label{given-force-vector}{{7}{\thepage 
                                                  }}
l.83 \end{document}
                   
? 
! Undefined control sequence.
<write> \newlabel{moment-arms}{{8}{\thepage 
                                            }}
l.83 \end{document}
                   
? 
! Undefined control sequence.
<write> ...label{force-moments-6dof}{{9}{\thepage 
                                                  }}
l.83 \end{document}
                   
? 
! Undefined control sequence.
<write> \newlabel{moment-arms-4d}{{10}{\thepage 
                                                }}
l.83 \end{document}
                   
? 
! Undefined control sequence.
<write> ...abel{force-moments-4dof}{{11}{\thepage 
                                                  }}
l.83 \end{document}
                   
? 
! Undefined control sequence.
<write> \newlabel{generalised-tau}{{12}{\thepage 
                                                 }}
l.83 \end{document}
                   
? 
! Undefined control sequence.
<write> \newlabel{controlinput}{{13}{\thepage 
                                              }}
l.83 \end{document}
                   
? 
! Undefined control sequence.
<write> \newlabel{pseudoinverse}{{14}{\thepage 
                                               }}
l.83 \end{document}
                   
? 
! Undefined control sequence.
<write> \newlabel{controlinputF}{{15}{\thepage 
                                               }}
l.83 \end{document}
                   
? 
! Undefined control sequence.
<write> ...abel{problemotimization}{{16}{\thepage 
                                                  }}
l.83 \end{document}
                   
? 
! Undefined control sequence.
<write> \newlabel{equesujeita}{{17}{\thepage 
                                             }}
l.83 \end{document}
                   
? 
! Undefined control sequence.
<write> \newlabel{uminemax}{{18}{\thepage 
                                          }}
l.83 \end{document}
                   
? 
! Undefined control sequence.
<write> \newlabel{util}{{19}{\thepage 
                                      }}
l.83 \end{document}
                   
? 
] (./2-previous-work.aux)

LaTeX Warning: There were undefined references.


LaTeX Warning: Label(s) may have changed. Rerun to get cross-references right.

 ) 
Here is how much of TeX's memory you used:
 881 strings out of 478287
 14247 string characters out of 5849289
 315697 words of memory out of 5000000
 19125 multiletter control sequences out of 15000+600000
 471266 words of font info for 37 fonts, out of 8000000 for 9000
 1141 hyphenation exceptions out of 8191
 40i,5n,49p,593b,99s stack positions out of 5000i,500n,10000p,200000b,80000s
</usr/share/texlive/texmf-dist/fonts/type1/public/amsfonts/cm/cmbx10.pfb></us
r/share/texlive/texmf-dist/fonts/type1/public/amsfonts/cm/cmmi10.pfb></usr/shar
e/texlive/texmf-dist/fonts/type1/public/amsfonts/cm/cmmi7.pfb></usr/share/texli
ve/texmf-dist/fonts/type1/public/amsfonts/cm/cmr10.pfb></usr/share/texlive/texm
f-dist/fonts/type1/public/amsfonts/cm/cmr7.pfb></usr/share/texlive/texmf-dist/f
onts/type1/public/amsfonts/cm/cmsy10.pfb></usr/share/texlive/texmf-dist/fonts/t
ype1/public/amsfonts/cm/cmsy7.pfb></usr/share/texlive/texmf-dist/fonts/type1/pu
blic/amsfonts/symbols/msbm10.pfb>
Output written on 2-previous-work.pdf (1 page, 92026 bytes).
PDF statistics:
 48 PDF objects out of 1000 (max. 8388607)
 28 compressed objects within 1 object stream
 0 named destinations out of 1000 (max. 500000)
 1 words of extra memory for PDF output out of 10000 (max. 10000000)

